This is TeX, Version 3.14159265 (TeX Live 2018) (preloaded format=tex 2020.11.25)  26 NOV 2020 23:28
**tikzmark.dtx
(./tikzmark.dtx (/usr/share/texlive/texmf-dist/tex/latex/base/docstrip.tex
\blockLevel=\count26
\emptyLines=\count27
\processedLines=\count28
\commentsRemoved=\count29
\commentsPassed=\count30
\codeLinesPassed=\count31
\TotalprocessedLines=\count32
\TotalcommentsRemoved=\count33
\TotalcommentsPassed=\count34
\TotalcodeLinesPassed=\count35
\NumberOfFiles=\count36
\inFile=\read0
\inputcheck=\read1
\@tempcnta=\count37
\off@0=\count38
\off@1=\count39
\off@2=\count40
\off@3=\count41
\off@4=\count42
\off@5=\count43
\off@6=\count44
\off@7=\count45
\off@8=\count46
\off@9=\count47
\off@10=\count48
\off@11=\count49
\off@12=\count50
\off@13=\count51
\off@14=\count52
\off@15=\count53
\@temptokena=\toks12
\@maxfiles=\count54
\@maxoutfiles=\count55

Utility: `docstrip' 2.5g <2018/05/03>
English documentation    <2018/05/03>

**********************************************************
* This program converts documented macro-files into fast *
* loadable files by stripping off (nearly) all comments! *
**********************************************************

********************************************************
* No Configuration file found, using default settings. *
********************************************************

)

Generating file(s) tikzlibrarytikzmark.code.tex 
\openout0 = `tikzlibrarytikzmark.code.tex'.


Processing file tikzmark.dtx (tikzlibrary) -> tikzlibrarytikzmark.code.tex
File tikzmark.dtx ended by \endinput.
Lines  processed: 1967
Comments removed: 973
Comments  passed: 0
Codelines passed: 977


Generating file(s) tikzmarklibrarylistings.code.tex 
\openout0 = `tikzmarklibrarylistings.code.tex'.


Processing file tikzmark.dtx (listings) -> tikzmarklibrarylistings.code.tex
File tikzmark.dtx ended by \endinput.
Lines  processed: 1967
Comments removed: 973
Comments  passed: 0
Codelines passed: 977


Generating file(s) tikzmark.ins 
\openout0 = `tikzmark.ins'.


Processing file tikzmark.dtx (install) -> tikzmark.ins
File tikzmark.dtx ended by \endinput.
Lines  processed: 1967
Comments removed: 973
Comments  passed: 0
Codelines passed: 977


Generating file(s) README.txt 
\openout0 = `README.txt'.


Processing file tikzmark.dtx (readme) -> README.txt
File tikzmark.dtx ended by \endinput.
Lines  processed: 1967
Comments removed: 973
Comments  passed: 0
Codelines passed: 977

Overall statistics:
Files  processed: 4
Lines  processed: 7868
Comments removed: 3892
Comments  passed: 0
Codelines passed: 3908
 )
No pages of output.
